<?xml version="1.0" encoding="UTF-8"?>
<!-- Generated by org.testng.reporters.JUnitReportReporter -->
<testsuite skipped="0" hostname="L-SJC-10005066" name="rest.automation.netflix.TestClass" tests="1" failures="0" timestamp="17 Feb 2017 04:47:26 GMT" time="0.985" errors="0">
  <testcase name="TestValidateResponse" time="0.985" classname="rest.automation.netflix.TestClass"/>
</testsuite> <!-- rest.automation.netflix.TestClass -->
