<?xml version="1.0" encoding="UTF-8"?>
<!-- Generated by org.testng.reporters.JUnitReportReporter -->
<testsuite skipped="0" hostname="L-SJC-10005066" name="rest.automation.netflix.TestClass" tests="1" failures="0" timestamp="17 Feb 2017 07:47:00 GMT" time="1.400" errors="0">
  <testcase name="TestValidateResponse" time="1.400" classname="rest.automation.netflix.TestClass"/>
</testsuite> <!-- rest.automation.netflix.TestClass -->
