<?xml version="1.0" encoding="UTF-8"?>
<!-- Generated by org.testng.reporters.JUnitReportReporter -->
<testsuite skipped="1" hostname="L-SJC-10005066" name="rest.automation.netflix.TestClass" tests="1" failures="0" timestamp="16 Mar 2017 03:20:50 GMT" time="0.000" errors="0">
  <testcase name="testSearchMovie" time="0.000" classname="rest.automation.netflix.TestClass">
    <skipped/>
  </testcase> <!-- testSearchMovie -->
</testsuite> <!-- rest.automation.netflix.TestClass -->
